*******************************************************************
* Genome-wide Complex Trait Analysis (GCTA)
* version 1.93.2 beta Linux
* (C) 2010-present, Jian Yang, The University of Queensland
* Please report bugs to Jian Yang <jian.yang.qt@gmail.com>
*******************************************************************
Analysis started at 12:41:31 CST on Wed Nov 10 2021.
Hostname: mu01

Options: 
 
--bfile d1 
--make-grm 
--autosome 
--out d1 

Note: GRM is computed using the SNPs on the autosome.
Reading PLINK FAM file from [d1.fam]...
665 individuals to be included from FAM file.
665 individuals to be included. 312 males, 353 females, 0 unknown.
Reading PLINK BIM file from [d1.bim]...
49163 SNPs to be included from BIM file(s).
Computing the genetic relationship matrix (GRM) v2 ...
Subset 1/1, no. subject 1-665
  665 samples, 49163 markers, 221445 GRM elements
IDs for the GRM file has been saved in the file [d1.grm.id]
Computing GRM...
  100% finished in 1.2 sec
49163 SNPs have been processed.
  Used 49163 valid SNPs.
The GRM computation is completed.
Saving GRM...
GRM has been saved in the file [d1.grm.bin]
Number of SNPs in each pair of individuals has been saved in the file [d1.grm.N.bin]

Analysis finished at 12:41:32 CST on Wed Nov 10 2021
Overall computational time: 1.29 sec.
