PLINK v1.90b6.22 64-bit (16 Apr 2021)
Options in effect:
  --bfile d1
  --make-bed
  --out d1_1
  --remove nonF2.list

Hostname: mu01
Working directory: /beegfs/store4/chenyangkang/12.pig
Start time: Fri Nov 12 13:01:22 2021

Random number seed: 1636693282
63989 MB RAM detected; reserving 31994 MB for main workspace.
49163 variants loaded from .bim file.
665 people (312 males, 353 females) loaded from .fam.
--remove: 590 people remaining.
Using 1 thread (no multithreaded calculations invoked).
Before main variant filters, 0 founders and 590 nonfounders present.
Calculating allele frequencies... done.
Total genotyping rate in remaining samples is 0.988391.
49163 variants and 590 people pass filters and QC.
Note: No phenotypes present.
--make-bed to d1_1.bed + d1_1.bim + d1_1.fam ... done.

End time: Fri Nov 12 13:01:22 2021
