PLINK v1.90b6.22 64-bit (16 Apr 2021)
Options in effect:
  --bfile d1_9
  --make-bed
  --out d1_10
  --remove 0.2_low_call_rate_pihat.txt

Hostname: mu01
Working directory: /beegfs/store4/chenyangkang/12.pig
Start time: Fri Nov 12 13:02:17 2021

Random number seed: 1636693337
63989 MB RAM detected; reserving 31994 MB for main workspace.
42048 variants loaded from .bim file.
12 people (3 males, 9 females) loaded from .fam.
--remove: 12 people remaining.
Using 1 thread (no multithreaded calculations invoked).
Before main variant filters, 12 founders and 0 nonfounders present.
Calculating allele frequencies... done.
Total genotyping rate is 0.999378.
42048 variants and 12 people pass filters and QC.
Note: No phenotypes present.
--make-bed to d1_10.bed + d1_10.bim + d1_10.fam ... done.

End time: Fri Nov 12 13:02:17 2021
