PLINK v1.90b6.22 64-bit (16 Apr 2021)
Options in effect:
  --bfile d1_2
  --make-bed
  --mind 0.2
  --out d1_3

Hostname: mu01
Working directory: /beegfs/store4/chenyangkang/12.pig
Start time: Fri Nov 12 13:01:23 2021

Random number seed: 1636693283
63989 MB RAM detected; reserving 31994 MB for main workspace.
48458 variants loaded from .bim file.
590 people (298 males, 292 females) loaded from .fam.
0 people removed due to missing genotype data (--mind).
Using 1 thread (no multithreaded calculations invoked).
Before main variant filters, 0 founders and 590 nonfounders present.
Calculating allele frequencies... done.
Total genotyping rate is 0.993114.
48458 variants and 590 people pass filters and QC.
Note: No phenotypes present.
--make-bed to d1_3.bed + d1_3.bim + d1_3.fam ... done.

End time: Fri Nov 12 13:01:23 2021
