PLINK v1.90b6.22 64-bit (16 Apr 2021)
Options in effect:
  --bfile d1_4
  --make-bed
  --mind 0.02
  --out d1_5

Hostname: mu01
Working directory: /beegfs/store4/chenyangkang/12.pig
Start time: Fri Nov 12 13:01:24 2021

Random number seed: 1636693284
63989 MB RAM detected; reserving 31994 MB for main workspace.
44925 variants loaded from .bim file.
590 people (298 males, 292 females) loaded from .fam.
5 people removed due to missing genotype data (--mind).
IDs written to d1_5.irem .
Using 1 thread (no multithreaded calculations invoked).
Before main variant filters, 0 founders and 585 nonfounders present.
Calculating allele frequencies... done.
Total genotyping rate in remaining samples is 0.999077.
44925 variants and 585 people pass filters and QC.
Note: No phenotypes present.
--make-bed to d1_5.bed + d1_5.bim + d1_5.fam ... done.

End time: Fri Nov 12 13:01:24 2021
