PLINK v1.90b6.22 64-bit (16 Apr 2021)
Options in effect:
  --file d1_6_chr13
  --matrix
  --out d1_6_chr13
  --r2

Hostname: mu01
Working directory: /beegfs/store4/chenyangkang/12.pig
Start time: Thu Nov 11 18:41:11 2021

Note: --matrix flag deprecated.  Migrate to "--distance ibs flat-missing",
"--r2 square", etc.
Random number seed: 1636627271
63989 MB RAM detected; reserving 31994 MB for main workspace.
Scanning .ped file... done.
Performing single-pass .bed write (3242 variants, 660 people).
--file: d1_6_chr13-temporary.bed + d1_6_chr13-temporary.bim +
d1_6_chr13-temporary.fam written.
3242 variants loaded from .bim file.
660 people (309 males, 351 females) loaded from .fam.
Using up to 15 threads (change this with --threads).
Before main variant filters, 21 founders and 639 nonfounders present.
Calculating allele frequencies... done.
Total genotyping rate is 0.998918.
3242 variants and 660 people pass filters and QC.
Note: No phenotypes present.
--r2 square to d1_6_chr13.ld ... done.

End time: Thu Nov 11 18:41:12 2021
