PLINK v1.90b6.22 64-bit (16 Apr 2021)
Options in effect:
  --file d1_6_chr7
  --matrix
  --out d1_6_chr7
  --r2

Hostname: mu01
Working directory: /beegfs/store4/chenyangkang/12.pig
Start time: Thu Nov 11 18:41:09 2021

Note: --matrix flag deprecated.  Migrate to "--distance ibs flat-missing",
"--r2 square", etc.
Random number seed: 1636627269
63989 MB RAM detected; reserving 31994 MB for main workspace.
Scanning .ped file... done.
Performing single-pass .bed write (2678 variants, 660 people).
--file: d1_6_chr7-temporary.bed + d1_6_chr7-temporary.bim +
d1_6_chr7-temporary.fam written.
2678 variants loaded from .bim file.
660 people (309 males, 351 females) loaded from .fam.
Using up to 15 threads (change this with --threads).
Before main variant filters, 21 founders and 639 nonfounders present.
Calculating allele frequencies... done.
Total genotyping rate is 0.999145.
2678 variants and 660 people pass filters and QC.
Note: No phenotypes present.
--r2 square to d1_6_chr7.ld ... done.

End time: Thu Nov 11 18:41:09 2021
