*******************************************************************
* Genome-wide Complex Trait Analysis (GCTA)
* version 1.93.2 beta Linux
* (C) 2010-present, Jian Yang, The University of Queensland
* Please report bugs to Jian Yang <jian.yang.qt@gmail.com>
*******************************************************************
Analysis started at 16:48:17 CST on Mon Nov 22 2021.
Hostname: mu01

Options: 
 
--fastGWA-mlm 
--bfile d1_7 
--grm-sparse d1_7_sp 
--pheno basic_pheno.T2.txt 
--qcovar covar_mds.txt 
--threads 1 
--out d1_7_geno_assoc_gcta 

The program will be running on up to 1 threads.
Reading PLINK FAM file from [d1_7.fam]...
585 individuals to be included from FAM file.
Reading phenotype data from [basic_pheno.T2.txt]...
581 overlapping individuals with non-missing data to be included from the phenotype file.
581 individuals to be included. 293 males, 288 females, 0 unknown.
Reading PLINK BIM file from [d1_7.bim]...
20504 SNPs to be included from BIM file(s).
Reading quantitative covariates from [covar_mds.txt].
10 covariates of 585 samples to be included.
581 overlapping individuals with non-missing data to be included from the covariate file(s).
Reading the sparse GRM file from [d1_7_sp]...
After matching all the files, 581 individuals to be included in the analysis.
Estimating the genetic variance (Vg) by fastGWA-REML (grid search)...
Iteration 1, step size: 316774, logL: -4939.29. Vg: 1.39381e+07, searching range: 1.36213e+07 to 1.42548e+07
Iteration 2, step size: 42236.5, logL: -4938.89. Vg: 1.40859e+07, searching range: 1.40437e+07 to 1.41281e+07
Iteration 3, step size: 5631.54, logL: -4938.89. Vg: 1.41e+07, searching range: 1.40943e+07 to 1.41056e+07
Iteration 4, step size: 750.872, logL: -4938.89. Vg: 1.41026e+07, searching range: 1.41018e+07 to 1.41033e+07
Iteration 5, step size: 100.116, logL: -4938.89. Vg: 1.41024e+07, searching range: 1.41023e+07 to 1.41025e+07
Iteration 6, step size: 13.3488, logL: -4938.89. Vg: 1.41024e+07, searching range: 1.41024e+07 to 1.41024e+07
Iteration 7, step size: 1.77984, logL: -4938.89. Vg: 1.41024e+07, searching range: 1.41024e+07 to 1.41024e+07
Iteration 8, step size: 0.237313, logL: -4938.89. Vg: 1.41024e+07, searching range: 1.41024e+07 to 1.41024e+07
Iteration 9, step size: 0.0316417, logL: -4938.89. Vg: 1.41024e+07, searching range: 1.41024e+07 to 1.41024e+07
Iteration 10, step size: 0.00421889, logL: -4938.89. Vg: 1.41024e+07, searching range: 1.41024e+07 to 1.41024e+07
Iteration 11, step size: 0.000562519, logL: -4938.89. Vg: 1.41024e+07, searching range: 1.41024e+07 to 1.41024e+07
Iteration 12, step size: 7.50025e-05, logL: -4938.89. Vg: 1.41024e+07, searching range: 1.41024e+07 to 1.41024e+07
Iteration 13, step size: 1.00003e-05, logL: -4938.89. Vg: 1.41024e+07, searching range: 1.41024e+07 to 1.41024e+07
fastGWA-REML converged.
logL: -4938.89
Sampling variance/covariance of the estimates of Vg and Ve:
1.41781e+12 3.83229e+11
3.83229e+11 1.76849e+11

Source	Variance	SE
Vg	1.41024e+07	1.19072e+06
Ve	5.69596e+06	420534
Vp	1.97984e+07

Heritability = 0.712302 (Pval = 2.32226e-32)
fastGWA-REML runtime: 10.8016 sec.

Tuning parameters using 1000 null SNPs...
  reading genotypes...
  100% finished in 16.9 sec
980 SNPs have been processed.
Mean gamma = 0.000000
Tune time 16.8743 sec

Performing fastGWA mixed model association analysis...
fastGWA results will be saved in text format to [d1_7_geno_assoc_gcta.fastGWA].
  Filtering out variants with MAF < 0.0001, customise it with --maf flag.
  Filtering out variants with missingness rate > 0.10, customise it with --geno flag.
  100% finished in 0.1 sec
20504 SNPs have been processed.
Saved 20504 SNPs.

Analysis finished at 16:48:45 CST on Mon Nov 22 2021
Overall computational time: 27.99 sec.
