PLINK v1.90b6.22 64-bit (16 Apr 2021)
Options in effect:
  --bfile d1_7
  --extract indepSNP.prune.in
  --make-bed
  --out d1_7

Hostname: mu01
Working directory: /beegfs/store4/chenyangkang/12.pig
Start time: Sat Nov 13 13:13:50 2021

Random number seed: 1636780430
63989 MB RAM detected; reserving 31994 MB for main workspace.
Warning: --make-bed input and output filenames match.  Appending '~' to input
filenames.
39043 variants loaded from .bim file.
585 people (295 males, 290 females) loaded from .fam.
--extract: 20504 variants remaining.
Using 1 thread (no multithreaded calculations invoked).
Before main variant filters, 0 founders and 585 nonfounders present.
Calculating allele frequencies... done.
Total genotyping rate is 0.99909.
20504 variants and 585 people pass filters and QC.
Note: No phenotypes present.
--make-bed to d1_7.bed + d1_7.bim + d1_7.fam ... done.

End time: Sat Nov 13 13:13:50 2021
