*******************************************************************
* Genome-wide Complex Trait Analysis (GCTA)
* version 1.93.2 beta Linux
* (C) 2010-present, Jian Yang, The University of Queensland
* Please report bugs to Jian Yang <jian.yang.qt@gmail.com>
*******************************************************************
Analysis started at 16:35:30 CST on Mon Nov 22 2021.
Hostname: mu01

Options: 
 
--grm d1_7 
--make-bK-sparse 0.05 
--out d1_7_sp 

Pruning the GRM to sparse with a cut off of 0.050000...
Total number of parts to proceed: 1
    Saving 585 individual IDs
    Processing part 1
Saving GRM sparse (40806 pairs) to [d1_7_sp.grm.sp]
make GRM sparse finished Success:

Analysis finished at 16:35:31 CST on Mon Nov 22 2021
Overall computational time: 0.08 sec.
