PLINK v1.90b6.22 64-bit (16 Apr 2021)
Options in effect:
  --bfile d1_7_chr1
  --make-founders
  --matrix
  --out d1_7_chr1
  --r2

Hostname: mu01
Working directory: /beegfs/store4/chenyangkang/12.pig
Start time: Sat Nov 13 14:26:02 2021

Note: --matrix flag deprecated.  Migrate to "--distance ibs flat-missing",
"--r2 square", etc.
Random number seed: 1636784762
63989 MB RAM detected; reserving 31994 MB for main workspace.
2329 variants loaded from .bim file.
585 people (295 males, 290 females) loaded from .fam.
Using up to 15 threads (change this with --threads).
--make-founders: 585 samples affected.
Before main variant filters, 585 founders and 0 nonfounders present.
Calculating allele frequencies... done.
Total genotyping rate is 0.999124.
2329 variants and 585 people pass filters and QC.
Note: No phenotypes present.
--r2 square to d1_7_chr1.ld ... done.

End time: Sat Nov 13 14:26:03 2021
