PLINK v1.90b6.22 64-bit (16 Apr 2021)
Options in effect:
  --bfile d1_7
  --out d1_7.recode
  --recode vcf

Hostname: mu01
Working directory: /beegfs/store4/chenyangkang/12.pig
Start time: Mon Nov 29 16:30:11 2021

Random number seed: 1638174611
63989 MB RAM detected; reserving 31994 MB for main workspace.
20504 variants loaded from .bim file.
585 people (295 males, 290 females) loaded from .fam.
Using 1 thread (no multithreaded calculations invoked).
Before main variant filters, 0 founders and 585 nonfounders present.
Calculating allele frequencies... done.
Total genotyping rate is 0.99909.
20504 variants and 585 people pass filters and QC.
Note: No phenotypes present.
Warning: Underscore(s) present in sample IDs.
--recode vcf to d1_7.recode.vcf ... done.

End time: Mon Nov 29 16:30:11 2021
