*******************************************************************
* Genome-wide Complex Trait Analysis (GCTA)
* version 1.93.3 beta Linux
* (C) 2010-present, Jian Yang, The University of Queensland
* Please report bugs to Jian Yang <jian.yang.qt@gmail.com>
*******************************************************************
Analysis started at 20:01:25 CST on Mon Nov 22 2021.
Hostname: cu01

Options: 
 
--fastGWA-mlm 
--bfile d1_7 
--grm-sparse d1_7_sp 
--pheno basic_pheno.T4.txt 
--qcovar covar_mds.txt 
--threads 10 
--out d1_7_assoc_gcta_T4 

The program will be running on up to 10 threads.
Reading PLINK FAM file from [d1_7.fam]...
585 individuals to be included from FAM file.
Reading phenotype data from [basic_pheno.T4.txt]...
571 overlapping individuals with non-missing data to be included from the phenotype file.
571 individuals to be included. 288 males, 283 females, 0 unknown.
Reading PLINK BIM file from [d1_7.bim]...
20504 SNPs to be included from BIM file(s).
Reading quantitative covariates from [covar_mds.txt].
10 covariates of 585 samples to be included.
571 overlapping individuals with non-missing data to be included from the covariate file(s).
Reading the sparse GRM file from [d1_7_sp]...
After matching all the files, 571 individuals to be included in the analysis.
Estimating the genetic variance (Vg) by fastGWA-REML (grid search)...
Iteration 1, step size: 0.253279, logL: -1052.97. Vg: 6.0787, searching range: 5.82542 to 6.33198
Iteration 2, step size: 0.0337706, logL: -1052.97. Vg: 6.02804, searching range: 5.99427 to 6.06182
Iteration 3, step size: 0.00450274, logL: -1052.97. Vg: 6.0348, searching range: 6.0303 to 6.0393
Iteration 4, step size: 0.000600365, logL: -1052.97. Vg: 6.0369, searching range: 6.0363 to 6.0375
Iteration 5, step size: 8.00487e-05, logL: -1052.97. Vg: 6.03678, searching range: 6.0367 to 6.03686
Iteration 6, step size: 1.06732e-05, logL: -1052.97. Vg: 6.03681, searching range: 6.0368 to 6.03682
Iteration 7, step size: 1.42309e-06, logL: -1052.97. Vg: 6.0368, searching range: 6.0368 to 6.0368
Iteration 8, step size: 1.89745e-07, logL: -1052.97. Vg: 6.0368, searching range: 6.0368 to 6.0368
Iteration 9, step size: 2.52994e-08, logL: -1052.97. Vg: 6.0368, searching range: 6.0368 to 6.0368
Iteration 10, step size: 3.37325e-09, logL: -1052.97. Vg: 6.0368, searching range: 6.0368 to 6.0368
Iteration 11, step size: 4.49766e-10, logL: -1052.97. Vg: 6.0368, searching range: 6.0368 to 6.0368
Iteration 12, step size: 5.99688e-11, logL: -1052.97. Vg: 6.0368, searching range: 6.0368 to 6.0368
Iteration 13, step size: 7.99586e-12, logL: -1052.97. Vg: 6.0368, searching range: 6.0368 to 6.0368
fastGWA-REML converged.
logL: -1052.97
Sampling variance/covariance of the estimates of Vg and Ve:
  1.39358 -0.510111
-0.510111  0.711696

Source	Variance	SE
Vg	6.0368	1.1805
Ve	9.79315	0.843621
Vp	15.8299

Heritability = 0.381353 (Pval = 3.15802e-07)
fastGWA-REML runtime: 1.47596 sec.

Tuning parameters using 2000 null SNPs...
  reading genotypes...
  100% finished in 1.2 sec
1906 SNPs have been processed.
Tuning of gamma finished at the 1000th SNP.
Mean gamma = 0.044327
Tuning of gamma finished 1.22632 seconds.

Performing fastGWA mixed model association analysis...
fastGWA results will be saved in text format to [d1_7_assoc_gcta_T4.fastGWA].
  Filtering out variants with MAF < 0.0001, customise it with --maf flag.
  Filtering out variants with missingness rate > 0.10, customise it with --geno flag.
  100% finished in 0.1 sec
20504 SNPs have been processed.
Saved 20504 SNPs.

Analysis finished at 20:01:28 CST on Mon Nov 22 2021
Overall computational time: 3.00 sec.
