*******************************************************************
* Genome-wide Complex Trait Analysis (GCTA)
* version 1.93.2 beta Linux
* (C) 2010-present, Jian Yang, The University of Queensland
* Please report bugs to Jian Yang <jian.yang.qt@gmail.com>
*******************************************************************
Analysis started at 14:55:19 CST on Mon Nov 22 2021.
Hostname: mu01

Options: 
 
--bfile d1_7 
--make-grm-part 10 10 
--thread-num 1 
--out d1_7 

The program will be running on up to 1 threads.
Note: GRM is computed using the SNPs on the autosome.
Reading PLINK FAM file from [d1_7.fam]...
585 individuals to be included from FAM file.
585 individuals to be included. 295 males, 290 females, 0 unknown.
Reading PLINK BIM file from [d1_7.bim]...
20504 SNPs to be included from BIM file(s).
Computing the genetic relationship matrix (GRM) v2 ...
Subset 10/10, no. subject 559-585
  27 samples, 20504 markers, 15444 GRM elements
IDs for the GRM file has been saved in the file [d1_7.part_10_10.grm.id]
Computing GRM...
  100% finished in 0.1 sec
20504 SNPs have been processed.
  Used 20504 valid SNPs.
The GRM computation is completed.
Saving GRM...
GRM has been saved in the file [d1_7.part_10_10.grm.bin]
Number of SNPs in each pair of individuals has been saved in the file [d1_7.part_10_10.grm.N.bin]

Analysis finished at 14:55:19 CST on Mon Nov 22 2021
Overall computational time: 0.16 sec.
