PLINK v1.90b6.22 64-bit (16 Apr 2021)
Options in effect:
  --bfile d1_8
  --make-bed
  --out d1_9
  --remove 0.2_low_call_rate_pihat.txt

Hostname: mu01
Working directory: /beegfs/store4/chenyangkang/12.pig
Start time: Thu Nov 11 21:36:37 2021

Random number seed: 1636637797
63989 MB RAM detected; reserving 31994 MB for main workspace.
42048 variants loaded from .bim file.
20 people (5 males, 15 females) loaded from .fam.
--remove: 12 people remaining.
Using 1 thread (no multithreaded calculations invoked).
Before main variant filters, 12 founders and 0 nonfounders present.
Calculating allele frequencies... done.
Total genotyping rate in remaining samples is 0.999378.
42048 variants and 12 people pass filters and QC.
Note: No phenotypes present.
--make-bed to d1_9.bed + d1_9.bim + d1_9.fam ... done.

End time: Thu Nov 11 21:36:37 2021
