*******************************************************************
* Genome-wide Complex Trait Analysis (GCTA)
* version 1.93.2 beta Linux
* (C) 2010-present, Jian Yang, The University of Queensland
* Please report bugs to Jian Yang <jian.yang.qt@gmail.com>
*******************************************************************
Analysis started at 16:39:56 CST on Mon Nov 22 2021.
Hostname: mu01

Options: 
 
--bfile d1_7 
--fastGWA-lr 
--pheno basic_pheno.T2.txt 
--qcovar covar_mds.txt 
--threads 1 
--out geno_assoc 

The program will be running on up to 1 threads.
Reading PLINK FAM file from [d1_7.fam]...
585 individuals to be included from FAM file.
Reading phenotype data from [basic_pheno.T2.txt]...
581 overlapping individuals with non-missing data to be included from the phenotype file.
581 individuals to be included. 293 males, 288 females, 0 unknown.
Reading PLINK BIM file from [d1_7.bim]...
20504 SNPs to be included from BIM file(s).
Reading quantitative covariates from [covar_mds.txt].
10 covariates of 585 samples to be included.
581 overlapping individuals with non-missing data to be included from the covariate file(s).
After matching all the files, 581 individuals to be included in the analysis.

Performing fastGWA linear regression analysis...
fastGWA results will be saved in text format to [geno_assoc.fastGWA].
  Filtering out variants with MAF < 0.0001, customise it with --maf flag.
  Filtering out variants with missingness rate > 0.10, customise it with --geno flag.
  100% finished in 0.2 sec
20504 SNPs have been processed.
Saved 20504 SNPs.

Analysis finished at 16:39:56 CST on Mon Nov 22 2021
Overall computational time: 0.34 sec.
