PLINK v1.90b6.22 64-bit (16 Apr 2021)
Options in effect:
  --bfile d1_7
  --indep-pairwise 500kb 5 0.5
  --out indepSNP

Hostname: mu01
Working directory: /beegfs/store4/chenyangkang/12.pig
Start time: Fri Nov 12 13:01:25 2021

Warning: --indep-pairwise step size should be 1 when window size is in kb
units.
Random number seed: 1636693285
63989 MB RAM detected; reserving 31994 MB for main workspace.
39043 variants loaded from .bim file.
585 people (295 males, 290 females) loaded from .fam.
Using 1 thread (no multithreaded calculations invoked).
Before main variant filters, 0 founders and 585 nonfounders present.
Calculating allele frequencies... done.
Total genotyping rate is 0.999084.
39043 variants and 585 people pass filters and QC.
Note: No phenotypes present.
Warning: Skipping --indep-pairwise since there are less than two founders.
(--make-founders may come in handy here.)

End time: Fri Nov 12 13:01:25 2021
