PLINK v1.90b6.22 64-bit (16 Apr 2021)
Options in effect:
  --allow-no-sex
  --bfile d1_6
  --ld-window 99999
  --ld-window-kb 1000
  --ld-window-r2 0
  --out out_file
  --r2

Hostname: mu01
Working directory: /beegfs/store4/chenyangkang/12.pig
Start time: Thu Nov 11 18:12:38 2021

Random number seed: 1636625558
63989 MB RAM detected; reserving 31994 MB for main workspace.
42048 variants loaded from .bim file.
660 people (309 males, 351 females) loaded from .fam.
Using up to 15 threads (change this with --threads).
Before main variant filters, 21 founders and 639 nonfounders present.
Calculating allele frequencies... done.
Total genotyping rate is 0.999059.
42048 variants and 660 people pass filters and QC.
Note: No phenotypes present.
--r2 to out_file.ld ... done.

End time: Thu Nov 11 18:12:38 2021
