*******************************************************************
* Genome-wide Complex Trait Analysis (GCTA)
* version 1.93.2 beta Linux
* (C) 2010-present, Jian Yang, The University of Queensland
* Please report bugs to Jian Yang <jian.yang.qt@gmail.com>
*******************************************************************
Analysis started at 12:41:36 CST on Wed Nov 10 2021.
Hostname: mu01

Accepted options:
--grm d1
--pca 3
--out pcad1

Note: This is a multi-thread program. You could specify the number of threads by the --thread-num option to speed up the computation if there are multiple processors in your machine.

Reading IDs of the GRM from [d1.grm.id].
665 IDs read from [d1.grm.id].
Reading the GRM from [d1.grm.bin].
GRM for 665 individuals are included from [d1.grm.bin].

Performing principal component analysis ...
Eigenvalues of 665 individuals have been saved in [pcad1.eigenval].
The first 3 eigenvectors of 665 individuals have been saved in [pcad1.eigenvec].

Analysis finished at 12:41:36 CST on Wed Nov 10 2021
Overall computational time: 0.32 sec.
