PLINK v1.90b6.22 64-bit (16 Apr 2021)
Options in effect:
  --bfile d1_7
  --extract indepSNP.prune.in
  --genome
  --min 0.1
  --out pihat_min0.1

Hostname: mu01
Working directory: /beegfs/store4/chenyangkang/12.pig
Start time: Thu Nov 11 23:40:21 2021

Random number seed: 1636645221
63989 MB RAM detected; reserving 31994 MB for main workspace.
42048 variants loaded from .bim file.
659 people (309 males, 350 females) loaded from .fam.
--extract: 23044 variants remaining.
Using up to 15 threads (change this with --threads).
Before main variant filters, 20 founders and 639 nonfounders present.
Calculating allele frequencies... done.
Total genotyping rate is 0.99903.
23044 variants and 659 people pass filters and QC.
Note: No phenotypes present.
IBD calculations complete.
Finished writing pihat_min0.1.genome .

End time: Thu Nov 11 23:40:21 2021
