PLINK v1.90b6.22 64-bit (16 Apr 2021)
Options in effect:
  --bfile d1_7
  --extract indepSNP.prune.in
  --het
  --out R_check

Hostname: mu01
Working directory: /beegfs/store4/chenyangkang/12.pig
Start time: Fri Nov 12 13:01:25 2021

Random number seed: 1636693285
63989 MB RAM detected; reserving 31994 MB for main workspace.
39043 variants loaded from .bim file.
585 people (295 males, 290 females) loaded from .fam.
--extract: 20504 variants remaining.
Using 1 thread (no multithreaded calculations invoked).
Before main variant filters, 0 founders and 585 nonfounders present.
Calculating allele frequencies... done.
Total genotyping rate is 0.99909.
20504 variants and 585 people pass filters and QC.
Note: No phenotypes present.
--het: 20504 variants scanned, report written to R_check.het .

End time: Fri Nov 12 13:01:25 2021
